# JRE version: OpenJDK Runtime Environment (11.0.10) (build 11.0.10+0-b96-7249189)
# Java VM: OpenJDK 64-Bit Server VM (11.0.10+0-b96-7249189, mixed mode, tiered, compressed oops, g1 gc, windows-amd64)
Heap:
 garbage-first heap   total 334848K, used 283308K [0x0000000080000000, 0x0000000100000000)
  region size 1024K, 80 young (81920K), 5 survivors (5120K)
 Metaspace       used 148726K, capacity 153169K, committed 153340K, reserved 1183744K
  class space    used 18241K, capacity 19806K, committed 19840K, reserved 1048576K
GC Heap History (20 events):
Event: 333.852 GC heap after
{Heap after GC invocations=162 (full 0):
 garbage-first heap   total 334848K, used 141588K [0x0000000080000000, 0x0000000100000000)
  region size 1024K, 7 young (7168K), 7 survivors (7168K)
 Metaspace       used 142743K, capacity 146627K, committed 146940K, reserved 1177600K
  class space    used 17575K, capacity 18955K, committed 19072K, reserved 1048576K
}
Event: 335.425 GC heap before
{Heap before GC invocations=162 (full 0):
 garbage-first heap   total 334848K, used 286996K [0x0000000080000000, 0x0000000100000000)
  region size 1024K, 148 young (151552K), 7 survivors (7168K)
 Metaspace       used 142762K, capacity 146639K, committed 146940K, reserved 1177600K
  class space    used 17577K, capacity 18959K, committed 19072K, reserved 1048576K
}
Event: 335.467 GC heap after
{Heap after GC invocations=163 (full 0):
 garbage-first heap   total 334848K, used 145684K [0x0000000080000000, 0x0000000100000000)
  region size 1024K, 11 young (11264K), 11 survivors (11264K)
 Metaspace       used 142762K, capacity 146639K, committed 146940K, reserved 1177600K
  class space    used 17577K, capacity 18959K, committed 19072K, reserved 1048576K
}
Event: 336.951 GC heap before
{Heap before GC invocations=163 (full 0):
 garbage-first heap   total 334848K, used 285972K [0x0000000080000000, 0x0000000100000000)
  region size 1024K, 148 young (151552K), 11 survivors (11264K)
 Metaspace       used 142771K, capacity 146639K, committed 146940K, reserved 1177600K
  class space    used 17577K, capacity 18959K, committed 19072K, reserved 1048576K
}
Event: 336.986 GC heap after
{Heap after GC invocations=164 (full 0):
 garbage-first heap   total 334848K, used 144290K [0x0000000080000000, 0x0000000100000000)
  region size 1024K, 9 young (9216K), 9 survivors (9216K)
 Metaspace       used 142771K, capacity 146639K, committed 146940K, reserved 1177600K
  class space    used 17577K, capacity 18959K, committed 19072K, reserved 1048576K
}
Event: 338.678 GC heap before
{Heap before GC invocations=164 (full 0):
 garbage-first heap   total 334848K, used 286626K [0x0000000080000000, 0x0000000100000000)
  region size 1024K, 148 young (151552K), 9 survivors (9216K)
 Metaspace       used 142773K, capacity 146639K, committed 146940K, reserved 1177600K
  class space    used 17577K, capacity 18959K, committed 19072K, reserved 1048576K
}
Event: 338.705 GC heap after
{Heap after GC invocations=165 (full 0):
 garbage-first heap   total 334848K, used 144290K [0x0000000080000000, 0x0000000100000000)
  region size 1024K, 9 young (9216K), 9 survivors (9216K)
 Metaspace       used 142773K, capacity 146639K, committed 146940K, reserved 1177600K
  class space    used 17577K, capacity 18959K, committed 19072K, reserved 1048576K
}
Event: 340.266 GC heap before
{Heap before GC invocations=165 (full 0):
 garbage-first heap   total 334848K, used 287650K [0x0000000080000000, 0x0000000100000000)
  region size 1024K, 149 young (152576K), 9 survivors (9216K)
 Metaspace       used 142780K, capacity 146639K, committed 146940K, reserved 1177600K
  class space    used 17577K, capacity 18959K, committed 19072K, reserved 1048576K
}
Event: 340.293 GC heap after
{Heap after GC invocations=166 (full 0):
 garbage-first heap   total 334848K, used 144551K [0x0000000080000000, 0x0000000100000000)
  region size 1024K, 8 young (8192K), 8 survivors (8192K)
 Metaspace       used 142780K, capacity 146639K, committed 146940K, reserved 1177600K
  class space    used 17577K, capacity 18959K, committed 19072K, reserved 1048576K
}
Event: 342.325 GC heap before
{Heap before GC invocations=166 (full 0):
 garbage-first heap   total 334848K, used 288935K [0x0000000080000000, 0x0000000100000000)
  region size 1024K, 149 young (152576K), 8 survivors (8192K)
 Metaspace       used 142781K, capacity 146639K, committed 146940K, reserved 1177600K
  class space    used 17577K, capacity 18959K, committed 19072K, reserved 1048576K
}
Event: 342.357 GC heap after
{Heap after GC invocations=167 (full 0):
 garbage-first heap   total 334848K, used 145196K [0x0000000080000000, 0x0000000100000000)
  region size 1024K, 8 young (8192K), 8 survivors (8192K)
 Metaspace       used 142781K, capacity 146639K, committed 146940K, reserved 1177600K
  class space    used 17577K, capacity 18959K, committed 19072K, reserved 1048576K
}
Event: 346.630 GC heap before
{Heap before GC invocations=167 (full 0):
 garbage-first heap   total 334848K, used 300844K [0x0000000080000000, 0x0000000100000000)
  region size 1024K, 150 young (153600K), 8 survivors (8192K)
 Metaspace       used 143874K, capacity 147828K, committed 148092K, reserved 1177600K
  class space    used 17695K, capacity 19114K, committed 19200K, reserved 1048576K
}
Event: 346.744 GC heap after
{Heap after GC invocations=168 (full 0):
 garbage-first heap   total 334848K, used 168736K [0x0000000080000000, 0x0000000100000000)
  region size 1024K, 19 young (19456K), 19 survivors (19456K)
 Metaspace       used 143874K, capacity 147828K, committed 148092K, reserved 1177600K
  class space    used 17695K, capacity 19114K, committed 19200K, reserved 1048576K
}
Event: 600.900 GC heap before
{Heap before GC invocations=168 (full 0):
 garbage-first heap   total 334848K, used 270112K [0x0000000080000000, 0x0000000100000000)
  region size 1024K, 119 young (121856K), 19 survivors (19456K)
 Metaspace       used 147275K, capacity 151538K, committed 151676K, reserved 1181696K
  class space    used 18126K, capacity 19633K, committed 19712K, reserved 1048576K
}
Event: 601.086 GC heap after
{Heap after GC invocations=169 (full 0):
 garbage-first heap   total 334848K, used 172080K [0x0000000080000000, 0x0000000100000000)
  region size 1024K, 7 young (7168K), 7 survivors (7168K)
 Metaspace       used 147275K, capacity 151538K, committed 151676K, reserved 1181696K
  class space    used 18126K, capacity 19633K, committed 19712K, reserved 1048576K
}
Event: 617.727 GC heap before
{Heap before GC invocations=169 (full 0):
 garbage-first heap   total 334848K, used 272432K [0x0000000080000000, 0x0000000100000000)
  region size 1024K, 106 young (108544K), 7 survivors (7168K)
 Metaspace       used 147642K, capacity 151983K, committed 152188K, reserved 1181696K
  class space    used 18150K, capacity 19688K, committed 19712K, reserved 1048576K
}
Event: 617.776 GC heap after
{Heap after GC invocations=170 (full 0):
 garbage-first heap   total 334848K, used 175664K [0x0000000080000000, 0x0000000100000000)
  region size 1024K, 10 young (10240K), 10 survivors (10240K)
 Metaspace       used 147642K, capacity 151983K, committed 152188K, reserved 1181696K
  class space    used 18150K, capacity 19688K, committed 19712K, reserved 1048576K
}
Event: 672.084 GC heap before
{Heap before GC invocations=170 (full 0):
 garbage-first heap   total 334848K, used 277040K [0x0000000080000000, 0x0000000100000000)
  region size 1024K, 109 young (111616K), 10 survivors (10240K)
 Metaspace       used 148573K, capacity 153102K, committed 153340K, reserved 1183744K
  class space    used 18239K, capacity 19806K, committed 19840K, reserved 1048576K
}
Event: 672.173 GC heap after
{Heap after GC invocations=171 (full 0):
 garbage-first heap   total 334848K, used 195244K [0x0000000080000000, 0x0000000100000000)
  region size 1024K, 14 young (14336K), 14 survivors (14336K)
 Metaspace       used 148573K, capacity 153102K, committed 153340K, reserved 1183744K
  class space    used 18239K, capacity 19806K, committed 19840K, reserved 1048576K
}
Event: 674.453 GC heap before
{Heap before GC invocations=171 (full 0):
 garbage-first heap   total 334848K, used 282284K [0x0000000080000000, 0x0000000100000000)
  region size 1024K, 89 young (91136K), 14 survivors (14336K)
 Metaspace       used 148726K, capacity 153169K, committed 153340K, reserved 1183744K
  class space    used 18241K, capacity 19806K, committed 19840K, reserved 1048576K
}

