# JRE version: OpenJDK Runtime Environment (11.0.10) (build 11.0.10+0-b96-7249189)
# Java VM: OpenJDK 64-Bit Server VM (11.0.10+0-b96-7249189, mixed mode, tiered, compressed oops, g1 gc, windows-amd64)
Heap:
 garbage-first heap   total 444416K, used 175153K [0x0000000080000000, 0x0000000100000000)
  region size 1024K, 15 young (15360K), 3 survivors (3072K)
 Metaspace       used 153273K, capacity 157754K, committed 157952K, reserved 1187840K
  class space    used 18750K, capacity 20409K, committed 20480K, reserved 1048576K
GC Heap History (20 events):
Event: 405.568 GC heap before
{Heap before GC invocations=110 (full 0):
 garbage-first heap   total 444416K, used 326361K [0x0000000080000000, 0x0000000100000000)
  region size 1024K, 154 young (157696K), 2 survivors (2048K)
 Metaspace       used 151846K, capacity 156476K, committed 156672K, reserved 1185792K
  class space    used 18709K, capacity 20388K, committed 20480K, reserved 1048576K
}
Event: 405.623 GC heap after
{Heap after GC invocations=111 (full 0):
 garbage-first heap   total 444416K, used 177047K [0x0000000080000000, 0x0000000100000000)
  region size 1024K, 9 young (9216K), 9 survivors (9216K)
 Metaspace       used 151846K, capacity 156476K, committed 156672K, reserved 1185792K
  class space    used 18709K, capacity 20388K, committed 20480K, reserved 1048576K
}
Event: 484.283 GC heap before
{Heap before GC invocations=111 (full 0):
 garbage-first heap   total 444416K, used 266135K [0x0000000080000000, 0x0000000100000000)
  region size 1024K, 98 young (100352K), 9 survivors (9216K)
 Metaspace       used 152325K, capacity 156812K, committed 156928K, reserved 1185792K
  class space    used 18728K, capacity 20403K, committed 20480K, reserved 1048576K
}
Event: 484.348 GC heap after
{Heap after GC invocations=112 (full 0):
 garbage-first heap   total 444416K, used 180600K [0x0000000080000000, 0x0000000100000000)
  region size 1024K, 14 young (14336K), 14 survivors (14336K)
 Metaspace       used 152325K, capacity 156812K, committed 156928K, reserved 1185792K
  class space    used 18728K, capacity 20403K, committed 20480K, reserved 1048576K
}
Event: 490.240 GC heap before
{Heap before GC invocations=113 (full 0):
 garbage-first heap   total 444416K, used 336248K [0x0000000080000000, 0x0000000100000000)
  region size 1024K, 186 young (190464K), 14 survivors (14336K)
 Metaspace       used 152470K, capacity 157084K, committed 157184K, reserved 1185792K
  class space    used 18730K, capacity 20406K, committed 20480K, reserved 1048576K
}
Event: 490.317 GC heap after
{Heap after GC invocations=114 (full 0):
 garbage-first heap   total 444416K, used 150940K [0x0000000080000000, 0x0000000100000000)
  region size 1024K, 9 young (9216K), 9 survivors (9216K)
 Metaspace       used 152470K, capacity 157084K, committed 157184K, reserved 1185792K
  class space    used 18730K, capacity 20406K, committed 20480K, reserved 1048576K
}
Event: 491.003 GC heap before
{Heap before GC invocations=114 (full 0):
 garbage-first heap   total 444416K, used 163228K [0x0000000080000000, 0x0000000100000000)
  region size 1024K, 21 young (21504K), 9 survivors (9216K)
 Metaspace       used 152490K, capacity 157099K, committed 157184K, reserved 1185792K
  class space    used 18733K, capacity 20411K, committed 20480K, reserved 1048576K
}
Event: 491.047 GC heap after
{Heap after GC invocations=115 (full 0):
 garbage-first heap   total 444416K, used 148480K [0x0000000080000000, 0x0000000100000000)
  region size 1024K, 1 young (1024K), 1 survivors (1024K)
 Metaspace       used 152490K, capacity 157099K, committed 157184K, reserved 1185792K
  class space    used 18733K, capacity 20411K, committed 20480K, reserved 1048576K
}
Event: 503.705 GC heap before
{Heap before GC invocations=115 (full 0):
 garbage-first heap   total 444416K, used 331776K [0x0000000080000000, 0x0000000100000000)
  region size 1024K, 179 young (183296K), 1 survivors (1024K)
 Metaspace       used 152535K, capacity 157107K, committed 157184K, reserved 1185792K
  class space    used 18735K, capacity 20413K, committed 20480K, reserved 1048576K
}
Event: 503.731 GC heap after
{Heap after GC invocations=116 (full 0):
 garbage-first heap   total 444416K, used 151523K [0x0000000080000000, 0x0000000100000000)
  region size 1024K, 4 young (4096K), 4 survivors (4096K)
 Metaspace       used 152535K, capacity 157107K, committed 157184K, reserved 1185792K
  class space    used 18735K, capacity 20413K, committed 20480K, reserved 1048576K
}
Event: 505.823 GC heap before
{Heap before GC invocations=116 (full 0):
 garbage-first heap   total 444416K, used 286691K [0x0000000080000000, 0x0000000100000000)
  region size 1024K, 138 young (141312K), 4 survivors (4096K)
 Metaspace       used 152548K, capacity 157107K, committed 157184K, reserved 1185792K
  class space    used 18735K, capacity 20413K, committed 20480K, reserved 1048576K
}
Event: 505.830 GC heap after
{Heap after GC invocations=117 (full 0):
 garbage-first heap   total 444416K, used 149844K [0x0000000080000000, 0x0000000100000000)
  region size 1024K, 3 young (3072K), 3 survivors (3072K)
 Metaspace       used 152548K, capacity 157107K, committed 157184K, reserved 1185792K
  class space    used 18735K, capacity 20413K, committed 20480K, reserved 1048576K
}
Event: 539.780 GC heap before
{Heap before GC invocations=118 (full 0):
 garbage-first heap   total 444416K, used 368980K [0x0000000080000000, 0x0000000100000000)
  region size 1024K, 201 young (205824K), 3 survivors (3072K)
 Metaspace       used 152532K, capacity 157040K, committed 157184K, reserved 1185792K
  class space    used 18720K, capacity 20369K, committed 20480K, reserved 1048576K
}
Event: 539.806 GC heap after
{Heap after GC invocations=119 (full 0):
 garbage-first heap   total 444416K, used 153169K [0x0000000080000000, 0x0000000100000000)
  region size 1024K, 6 young (6144K), 6 survivors (6144K)
 Metaspace       used 152532K, capacity 157040K, committed 157184K, reserved 1185792K
  class space    used 18720K, capacity 20369K, committed 20480K, reserved 1048576K
}
Event: 540.217 GC heap before
{Heap before GC invocations=119 (full 0):
 garbage-first heap   total 444416K, used 167505K [0x0000000080000000, 0x0000000100000000)
  region size 1024K, 21 young (21504K), 6 survivors (6144K)
 Metaspace       used 152541K, capacity 157040K, committed 157184K, reserved 1185792K
  class space    used 18720K, capacity 20369K, committed 20480K, reserved 1048576K
}
Event: 540.247 GC heap after
{Heap after GC invocations=120 (full 0):
 garbage-first heap   total 444416K, used 146809K [0x0000000080000000, 0x0000000100000000)
  region size 1024K, 3 young (3072K), 3 survivors (3072K)
 Metaspace       used 152541K, capacity 157040K, committed 157184K, reserved 1185792K
  class space    used 18720K, capacity 20369K, committed 20480K, reserved 1048576K
}
Event: 846.414 GC heap before
{Heap before GC invocations=120 (full 0):
 garbage-first heap   total 444416K, used 357753K [0x0000000080000000, 0x0000000100000000)
  region size 1024K, 208 young (212992K), 3 survivors (3072K)
 Metaspace       used 153252K, capacity 157754K, committed 157952K, reserved 1187840K
  class space    used 18750K, capacity 20409K, committed 20480K, reserved 1048576K
}
Event: 846.497 GC heap after
{Heap after GC invocations=121 (full 0):
 garbage-first heap   total 444416K, used 162491K [0x0000000080000000, 0x0000000100000000)
  region size 1024K, 17 young (17408K), 17 survivors (17408K)
 Metaspace       used 153252K, capacity 157754K, committed 157952K, reserved 1187840K
  class space    used 18750K, capacity 20409K, committed 20480K, reserved 1048576K
}
Event: 846.657 GC heap before
{Heap before GC invocations=121 (full 0):
 garbage-first heap   total 444416K, used 170683K [0x0000000080000000, 0x0000000100000000)
  region size 1024K, 26 young (26624K), 17 survivors (17408K)
 Metaspace       used 153260K, capacity 157754K, committed 157952K, reserved 1187840K
  class space    used 18750K, capacity 20409K, committed 20480K, reserved 1048576K
}
Event: 846.717 GC heap after
{Heap after GC invocations=122 (full 0):
 garbage-first heap   total 444416K, used 161841K [0x0000000080000000, 0x0000000100000000)
  region size 1024K, 3 young (3072K), 3 survivors (3072K)
 Metaspace       used 153260K, capacity 157754K, committed 157952K, reserved 1187840K
  class space    used 18750K, capacity 20409K, committed 20480K, reserved 1048576K
}

