# JRE version: OpenJDK Runtime Environment (11.0.10) (build 11.0.10+0-b96-7249189)
# Java VM: OpenJDK 64-Bit Server VM (11.0.10+0-b96-7249189, mixed mode, tiered, compressed oops, g1 gc, windows-amd64)
Heap:
 garbage-first heap   total 110592K, used 61563K [0x0000000080000000, 0x0000000100000000)
  region size 1024K, 13 young (13312K), 3 survivors (3072K)
 Metaspace       used 63699K, capacity 65318K, committed 65484K, reserved 1105920K
  class space    used 8071K, capacity 8644K, committed 8704K, reserved 1048576K
GC Heap History (20 events):
Event: 9.744 GC heap before
{Heap before GC invocations=10 (full 0):
 garbage-first heap   total 92160K, used 44338K [0x0000000080000000, 0x0000000100000000)
  region size 1024K, 29 young (29696K), 3 survivors (3072K)
 Metaspace       used 35043K, capacity 35838K, committed 35840K, reserved 1081344K
  class space    used 4533K, capacity 4864K, committed 4864K, reserved 1048576K
}
Event: 9.760 GC heap after
{Heap after GC invocations=11 (full 0):
 garbage-first heap   total 92160K, used 22574K [0x0000000080000000, 0x0000000100000000)
  region size 1024K, 5 young (5120K), 5 survivors (5120K)
 Metaspace       used 35043K, capacity 35838K, committed 35840K, reserved 1081344K
  class space    used 4533K, capacity 4864K, committed 4864K, reserved 1048576K
}
Event: 11.354 GC heap before
{Heap before GC invocations=12 (full 0):
 garbage-first heap   total 92160K, used 57390K [0x0000000080000000, 0x0000000100000000)
  region size 1024K, 39 young (39936K), 5 survivors (5120K)
 Metaspace       used 37408K, capacity 38294K, committed 38528K, reserved 1083392K
  class space    used 4829K, capacity 5144K, committed 5248K, reserved 1048576K
}
Event: 11.380 GC heap after
{Heap after GC invocations=13 (full 0):
 garbage-first heap   total 92160K, used 25341K [0x0000000080000000, 0x0000000100000000)
  region size 1024K, 5 young (5120K), 5 survivors (5120K)
 Metaspace       used 37408K, capacity 38294K, committed 38528K, reserved 1083392K
  class space    used 4829K, capacity 5144K, committed 5248K, reserved 1048576K
}
Event: 12.908 GC heap before
{Heap before GC invocations=13 (full 0):
 garbage-first heap   total 92160K, used 62205K [0x0000000080000000, 0x0000000100000000)
  region size 1024K, 39 young (39936K), 5 survivors (5120K)
 Metaspace       used 40183K, capacity 41135K, committed 41344K, reserved 1085440K
  class space    used 5146K, capacity 5494K, committed 5504K, reserved 1048576K
}
Event: 12.927 GC heap after
{Heap after GC invocations=14 (full 0):
 garbage-first heap   total 92160K, used 27909K [0x0000000080000000, 0x0000000100000000)
  region size 1024K, 5 young (5120K), 5 survivors (5120K)
 Metaspace       used 40183K, capacity 41135K, committed 41344K, reserved 1085440K
  class space    used 5146K, capacity 5494K, committed 5504K, reserved 1048576K
}
Event: 14.259 GC heap before
{Heap before GC invocations=14 (full 0):
 garbage-first heap   total 92160K, used 62725K [0x0000000080000000, 0x0000000100000000)
  region size 1024K, 39 young (39936K), 5 survivors (5120K)
 Metaspace       used 43606K, capacity 44599K, committed 44928K, reserved 1087488K
  class space    used 5557K, capacity 5897K, committed 6016K, reserved 1048576K
}
Event: 14.285 GC heap after
{Heap after GC invocations=15 (full 0):
 garbage-first heap   total 110592K, used 29025K [0x0000000080000000, 0x0000000100000000)
  region size 1024K, 4 young (4096K), 4 survivors (4096K)
 Metaspace       used 43606K, capacity 44599K, committed 44928K, reserved 1087488K
  class space    used 5557K, capacity 5897K, committed 6016K, reserved 1048576K
}
Event: 16.145 GC heap before
{Heap before GC invocations=15 (full 0):
 garbage-first heap   total 110592K, used 73057K [0x0000000080000000, 0x0000000100000000)
  region size 1024K, 47 young (48128K), 4 survivors (4096K)
 Metaspace       used 46794K, capacity 48063K, committed 48256K, reserved 1091584K
  class space    used 5974K, capacity 6410K, committed 6528K, reserved 1048576K
}
Event: 16.167 GC heap after
{Heap after GC invocations=16 (full 0):
 garbage-first heap   total 110592K, used 30958K [0x0000000080000000, 0x0000000100000000)
  region size 1024K, 3 young (3072K), 3 survivors (3072K)
 Metaspace       used 46794K, capacity 48063K, committed 48256K, reserved 1091584K
  class space    used 5974K, capacity 6410K, committed 6528K, reserved 1048576K
}
Event: 21.663 GC heap before
{Heap before GC invocations=16 (full 0):
 garbage-first heap   total 110592K, used 82158K [0x0000000080000000, 0x0000000100000000)
  region size 1024K, 49 young (50176K), 3 survivors (3072K)
 Metaspace       used 49851K, capacity 51184K, committed 51456K, reserved 1093632K
  class space    used 6325K, capacity 6791K, committed 6912K, reserved 1048576K
}
Event: 21.690 GC heap after
{Heap after GC invocations=17 (full 0):
 garbage-first heap   total 110592K, used 43008K [0x0000000080000000, 0x0000000100000000)
  region size 1024K, 7 young (7168K), 7 survivors (7168K)
 Metaspace       used 49851K, capacity 51184K, committed 51456K, reserved 1093632K
  class space    used 6325K, capacity 6791K, committed 6912K, reserved 1048576K
}
Event: 24.126 GC heap before
{Heap before GC invocations=17 (full 0):
 garbage-first heap   total 110592K, used 81920K [0x0000000080000000, 0x0000000100000000)
  region size 1024K, 45 young (46080K), 7 survivors (7168K)
 Metaspace       used 55863K, capacity 57299K, committed 57472K, reserved 1099776K
  class space    used 7044K, capacity 7545K, committed 7552K, reserved 1048576K
}
Event: 24.143 GC heap after
{Heap after GC invocations=18 (full 0):
 garbage-first heap   total 110592K, used 45215K [0x0000000080000000, 0x0000000100000000)
  region size 1024K, 2 young (2048K), 2 survivors (2048K)
 Metaspace       used 55863K, capacity 57299K, committed 57472K, reserved 1099776K
  class space    used 7044K, capacity 7545K, committed 7552K, reserved 1048576K
}
Event: 25.429 GC heap before
{Heap before GC invocations=18 (full 0):
 garbage-first heap   total 110592K, used 63647K [0x0000000080000000, 0x0000000100000000)
  region size 1024K, 21 young (21504K), 2 survivors (2048K)
 Metaspace       used 58643K, capacity 60124K, committed 60160K, reserved 1101824K
  class space    used 7406K, capacity 7932K, committed 7936K, reserved 1048576K
}
Event: 25.440 GC heap after
{Heap after GC invocations=19 (full 0):
 garbage-first heap   total 110592K, used 46409K [0x0000000080000000, 0x0000000100000000)
  region size 1024K, 3 young (3072K), 3 survivors (3072K)
 Metaspace       used 58643K, capacity 60124K, committed 60160K, reserved 1101824K
  class space    used 7406K, capacity 7932K, committed 7936K, reserved 1048576K
}
Event: 27.064 GC heap before
{Heap before GC invocations=20 (full 0):
 garbage-first heap   total 110592K, used 81225K [0x0000000080000000, 0x0000000100000000)
  region size 1024K, 38 young (38912K), 3 survivors (3072K)
 Metaspace       used 62025K, capacity 63476K, committed 63692K, reserved 1103872K
  class space    used 7823K, capacity 8360K, committed 8448K, reserved 1048576K
}
Event: 27.084 GC heap after
{Heap after GC invocations=21 (full 0):
 garbage-first heap   total 110592K, used 49692K [0x0000000080000000, 0x0000000100000000)
  region size 1024K, 5 young (5120K), 5 survivors (5120K)
 Metaspace       used 62025K, capacity 63476K, committed 63692K, reserved 1103872K
  class space    used 7823K, capacity 8360K, committed 8448K, reserved 1048576K
}
Event: 28.534 GC heap before
{Heap before GC invocations=22 (full 0):
 garbage-first heap   total 110592K, used 84508K [0x0000000080000000, 0x0000000100000000)
  region size 1024K, 39 young (39936K), 5 survivors (5120K)
 Metaspace       used 63672K, capacity 65156K, committed 65484K, reserved 1105920K
  class space    used 8066K, capacity 8610K, committed 8704K, reserved 1048576K
}
Event: 28.563 GC heap after
{Heap after GC invocations=23 (full 0):
 garbage-first heap   total 110592K, used 52347K [0x0000000080000000, 0x0000000100000000)
  region size 1024K, 3 young (3072K), 3 survivors (3072K)
 Metaspace       used 63672K, capacity 65156K, committed 65484K, reserved 1105920K
  class space    used 8066K, capacity 8610K, committed 8704K, reserved 1048576K
}

