# JRE version: OpenJDK Runtime Environment (11.0.10) (build 11.0.10+0-b96-7249189)
# Java VM: OpenJDK 64-Bit Server VM (11.0.10+0-b96-7249189, mixed mode, tiered, compressed oops, g1 gc, windows-amd64)
Heap:
 garbage-first heap   total 402432K, used 167398K [0x0000000080000000, 0x0000000100000000)
  region size 1024K, 6 young (6144K), 3 survivors (3072K)
 Metaspace       used 151392K, capacity 156166K, committed 157824K, reserved 1187840K
  class space    used 18228K, capacity 19944K, committed 20352K, reserved 1048576K
GC Heap History (20 events):
Event: 8221.713 GC heap before
{Heap before GC invocations=169 (full 0):
 garbage-first heap   total 402432K, used 156857K [0x0000000080000000, 0x0000000100000000)
  region size 1024K, 19 young (19456K), 1 survivors (1024K)
 Metaspace       used 151083K, capacity 155890K, committed 157824K, reserved 1187840K
  class space    used 18221K, capacity 19932K, committed 20352K, reserved 1048576K
}
Event: 8221.734 GC heap after
{Heap after GC invocations=170 (full 0):
 garbage-first heap   total 402432K, used 140816K [0x0000000080000000, 0x0000000100000000)
  region size 1024K, 2 young (2048K), 2 survivors (2048K)
 Metaspace       used 151083K, capacity 155890K, committed 157824K, reserved 1187840K
  class space    used 18221K, capacity 19932K, committed 20352K, reserved 1048576K
}
Event: 8229.585 GC heap before
{Heap before GC invocations=171 (full 0):
 garbage-first heap   total 402432K, used 159248K [0x0000000080000000, 0x0000000100000000)
  region size 1024K, 19 young (19456K), 2 survivors (2048K)
 Metaspace       used 151100K, capacity 155890K, committed 157824K, reserved 1187840K
  class space    used 18221K, capacity 19932K, committed 20352K, reserved 1048576K
}
Event: 8229.793 GC heap after
{Heap after GC invocations=172 (full 0):
 garbage-first heap   total 402432K, used 147327K [0x0000000080000000, 0x0000000100000000)
  region size 1024K, 3 young (3072K), 3 survivors (3072K)
 Metaspace       used 151100K, capacity 155890K, committed 157824K, reserved 1187840K
  class space    used 18221K, capacity 19932K, committed 20352K, reserved 1048576K
}
Event: 8233.538 GC heap before
{Heap before GC invocations=172 (full 0):
 garbage-first heap   total 402432K, used 163711K [0x0000000080000000, 0x0000000100000000)
  region size 1024K, 19 young (19456K), 3 survivors (3072K)
 Metaspace       used 151130K, capacity 155891K, committed 157824K, reserved 1187840K
  class space    used 18221K, capacity 19932K, committed 20352K, reserved 1048576K
}
Event: 8233.675 GC heap after
{Heap after GC invocations=173 (full 0):
 garbage-first heap   total 402432K, used 150012K [0x0000000080000000, 0x0000000100000000)
  region size 1024K, 3 young (3072K), 3 survivors (3072K)
 Metaspace       used 151130K, capacity 155891K, committed 157824K, reserved 1187840K
  class space    used 18221K, capacity 19932K, committed 20352K, reserved 1048576K
}
Event: 8235.478 GC heap before
{Heap before GC invocations=173 (full 0):
 garbage-first heap   total 402432K, used 166396K [0x0000000080000000, 0x0000000100000000)
  region size 1024K, 19 young (19456K), 3 survivors (3072K)
 Metaspace       used 151138K, capacity 155891K, committed 157824K, reserved 1187840K
  class space    used 18221K, capacity 19932K, committed 20352K, reserved 1048576K
}
Event: 8235.527 GC heap after
{Heap after GC invocations=174 (full 0):
 garbage-first heap   total 402432K, used 154060K [0x0000000080000000, 0x0000000100000000)
  region size 1024K, 3 young (3072K), 3 survivors (3072K)
 Metaspace       used 151138K, capacity 155891K, committed 157824K, reserved 1187840K
  class space    used 18221K, capacity 19932K, committed 20352K, reserved 1048576K
}
Event: 8238.012 GC heap before
{Heap before GC invocations=175 (full 0):
 garbage-first heap   total 402432K, used 170444K [0x0000000080000000, 0x0000000100000000)
  region size 1024K, 19 young (19456K), 3 survivors (3072K)
 Metaspace       used 151153K, capacity 155956K, committed 157824K, reserved 1187840K
  class space    used 18221K, capacity 19932K, committed 20352K, reserved 1048576K
}
Event: 8238.078 GC heap after
{Heap after GC invocations=176 (full 0):
 garbage-first heap   total 402432K, used 156311K [0x0000000080000000, 0x0000000100000000)
  region size 1024K, 3 young (3072K), 3 survivors (3072K)
 Metaspace       used 151153K, capacity 155956K, committed 157824K, reserved 1187840K
  class space    used 18221K, capacity 19932K, committed 20352K, reserved 1048576K
}
Event: 8240.218 GC heap before
{Heap before GC invocations=176 (full 0):
 garbage-first heap   total 402432K, used 172695K [0x0000000080000000, 0x0000000100000000)
  region size 1024K, 19 young (19456K), 3 survivors (3072K)
 Metaspace       used 151238K, capacity 156028K, committed 157824K, reserved 1187840K
  class space    used 18221K, capacity 19932K, committed 20352K, reserved 1048576K
}
Event: 8240.366 GC heap after
{Heap after GC invocations=177 (full 0):
 garbage-first heap   total 402432K, used 156482K [0x0000000080000000, 0x0000000100000000)
  region size 1024K, 2 young (2048K), 2 survivors (2048K)
 Metaspace       used 151238K, capacity 156028K, committed 157824K, reserved 1187840K
  class space    used 18221K, capacity 19932K, committed 20352K, reserved 1048576K
}
Event: 8242.311 GC heap before
{Heap before GC invocations=177 (full 0):
 garbage-first heap   total 402432K, used 173890K [0x0000000080000000, 0x0000000100000000)
  region size 1024K, 19 young (19456K), 2 survivors (2048K)
 Metaspace       used 151317K, capacity 156093K, committed 157824K, reserved 1187840K
  class space    used 18221K, capacity 19932K, committed 20352K, reserved 1048576K
}
Event: 8242.340 GC heap after
{Heap after GC invocations=178 (full 0):
 garbage-first heap   total 402432K, used 157231K [0x0000000080000000, 0x0000000100000000)
  region size 1024K, 2 young (2048K), 2 survivors (2048K)
 Metaspace       used 151317K, capacity 156093K, committed 157824K, reserved 1187840K
  class space    used 18221K, capacity 19932K, committed 20352K, reserved 1048576K
}
Event: 8244.317 GC heap before
{Heap before GC invocations=179 (full 0):
 garbage-first heap   total 402432K, used 177711K [0x0000000080000000, 0x0000000100000000)
  region size 1024K, 19 young (19456K), 2 survivors (2048K)
 Metaspace       used 151391K, capacity 156166K, committed 157824K, reserved 1187840K
  class space    used 18228K, capacity 19944K, committed 20352K, reserved 1048576K
}
Event: 8244.368 GC heap after
{Heap after GC invocations=180 (full 0):
 garbage-first heap   total 402432K, used 158803K [0x0000000080000000, 0x0000000100000000)
  region size 1024K, 3 young (3072K), 3 survivors (3072K)
 Metaspace       used 151391K, capacity 156166K, committed 157824K, reserved 1187840K
  class space    used 18228K, capacity 19944K, committed 20352K, reserved 1048576K
}
Event: 8245.946 GC heap before
{Heap before GC invocations=180 (full 0):
 garbage-first heap   total 402432K, used 174163K [0x0000000080000000, 0x0000000100000000)
  region size 1024K, 19 young (19456K), 3 survivors (3072K)
 Metaspace       used 151391K, capacity 156166K, committed 157824K, reserved 1187840K
  class space    used 18228K, capacity 19944K, committed 20352K, reserved 1048576K
}
Event: 8246.070 GC heap after
{Heap after GC invocations=181 (full 0):
 garbage-first heap   total 402432K, used 161110K [0x0000000080000000, 0x0000000100000000)
  region size 1024K, 3 young (3072K), 3 survivors (3072K)
 Metaspace       used 151391K, capacity 156166K, committed 157824K, reserved 1187840K
  class space    used 18228K, capacity 19944K, committed 20352K, reserved 1048576K
}
Event: 8246.589 GC heap before
{Heap before GC invocations=181 (full 0):
 garbage-first heap   total 402432K, used 177494K [0x0000000080000000, 0x0000000100000000)
  region size 1024K, 19 young (19456K), 3 survivors (3072K)
 Metaspace       used 151392K, capacity 156166K, committed 157824K, reserved 1187840K
  class space    used 18228K, capacity 19944K, committed 20352K, reserved 1048576K
}
Event: 8246.900 GC heap after
{Heap after GC invocations=182 (full 0):
 garbage-first heap   total 402432K, used 165350K [0x0000000080000000, 0x0000000100000000)
  region size 1024K, 3 young (3072K), 3 survivors (3072K)
 Metaspace       used 151392K, capacity 156166K, committed 157824K, reserved 1187840K
  class space    used 18228K, capacity 19944K, committed 20352K, reserved 1048576K
}

